
Gurobi 9.1.1 (mac64, gurobi_cl) logging started Wed Mar 17 18:32:04 2021

Academic license - for non-commercial use only - expires 2021-04-06
Using license file /Users/agnese/gurobi.lic
Set parameter LogFile to value gurobi.log

Gurobi Optimizer version 9.1.1 build v9.1.1rc0 (mac64)
Copyright (c) 2020, Gurobi Optimization, LLC

Read LP format model from file /Users/agnese/Documents/KTH-Work/GitHub_repositories/KTH-dESA/GLUCOSE/results/CCG/gurobi/GLUCOSE_4.FinalTotal_CCG.lp
Reading time = 0.54 seconds
cost: 55902 rows, 46410 columns, 510804 nonzeros
Thread count: 2 physical cores, 4 logical processors, using up to 4 threads
Optimize a model with 55902 rows, 46410 columns and 510804 nonzeros
Model fingerprint: 0x4d856886
Coefficient statistics:
  Matrix range     [2e-08, 6e+03]
  Objective range  [7e-08, 4e+11]
  Bounds range     [0e+00, 0e+00]
  RHS range        [1e-04, 1e+06]
Warning: Model contains large objective coefficients
         Consider reformulating model or setting NumericFocus parameter
         to avoid numerical issues.

Concurrent LP optimizer: dual simplex and barrier
Showing barrier log only...

Presolve removed 30459 rows and 28470 columns
Presolve time: 0.29s
Presolved: 25443 rows, 18090 columns, 346910 nonzeros

Ordering time: 0.72s

Barrier statistics:
 AA' NZ     : 1.279e+06
 Factor NZ  : 7.139e+06 (roughly 80 MBytes of memory)
 Factor Ops : 5.352e+09 (less than 1 second per iteration)
 Threads    : 1

                  Objective                Residual
Iter       Primal          Dual         Primal    Dual     Compl     Time
   0   5.03788625e+20 -3.79582326e+17  9.31e+08 2.08e+12  3.51e+16     2s
   1   2.71162448e+20 -5.05282992e+17  9.15e+08 1.98e+12  3.42e+16     2s
   2   2.65461173e+20 -8.62270614e+17  6.85e+08 1.77e+12  2.80e+16     3s
   3   1.45652830e+20 -3.19423817e+18  3.25e+08 4.66e+11  1.55e+16     3s
   4   3.42837498e+19 -3.47160008e+18  7.06e+07 3.86e+10  3.76e+15     4s
   5   3.05734140e+18 -2.68593452e+18  6.26e+06 2.58e+09  3.79e+14     4s
   6   9.23385663e+17 -1.57566802e+18  1.91e+06 6.15e+08  1.27e+14     5s
   7   3.91383599e+17 -1.23035688e+18  8.78e+05 4.19e+08  6.69e+13     5s
   8   1.12170477e+17 -7.57582057e+17  2.51e+05 2.17e+08  2.68e+13     6s
   9   3.64203888e+16 -1.98859349e+17  8.13e+04 3.72e+07  7.54e+12     7s
  10   8.77974673e+15 -4.57119844e+16  1.89e+04 5.92e+06  1.84e+12     7s
  11   4.06003410e+15 -1.17432153e+16  8.55e+03 6.86e+05  6.43e+11     8s
  12   6.18482594e+14 -2.40726439e+15  1.19e+03 3.80e+04  1.09e+11     8s
  13   9.64584441e+13 -7.04932753e+14  1.40e+02 4.13e+03  2.16e+10     9s
  14   3.55803829e+13 -3.05308381e+14  4.17e+01 1.31e+03  8.49e+09    10s
  15   3.46557100e+12 -4.83575847e+13  1.08e+00 4.27e+01  1.14e+09    10s
  16   8.95506702e+10 -1.66183755e+12  1.30e-02 5.54e-01  3.65e+07    11s

Barrier performed 16 iterations in 11.08 seconds
Barrier solve interrupted - model solved by another algorithm


Solved with dual simplex
Solved in 27750 iterations and 11.09 seconds
Optimal objective  2.360739850e+05

Wrote result file 'Total.sol'
No IIS available for current model


Gurobi 9.1.1 (mac64, gurobi_cl) logging started Wed Mar 17 19:18:32 2021

Academic license - for non-commercial use only - expires 2021-04-06
Using license file /Users/agnese/gurobi.lic
Set parameter LogFile to value gurobi.log

Gurobi Optimizer version 9.1.1 build v9.1.1rc0 (mac64)
Copyright (c) 2020, Gurobi Optimization, LLC

Read LP format model from file /Users/agnese/Documents/KTH-Work/GitHub_repositories/KTH-dESA/GLUCOSE/results/CCG/gurobi/GLUCOSE_4.FinalTotal_CCG.lp
Reading time = 0.44 seconds
cost: 55902 rows, 46410 columns, 511416 nonzeros
Thread count: 2 physical cores, 4 logical processors, using up to 4 threads
Optimize a model with 55902 rows, 46410 columns and 511416 nonzeros
Model fingerprint: 0x1dacfefe
Coefficient statistics:
  Matrix range     [2e-08, 6e+03]
  Objective range  [7e-08, 4e+11]
  Bounds range     [0e+00, 0e+00]
  RHS range        [1e-04, 1e+06]
Warning: Model contains large objective coefficients
         Consider reformulating model or setting NumericFocus parameter
         to avoid numerical issues.

Concurrent LP optimizer: dual simplex and barrier
Showing barrier log only...

Presolve removed 30154 rows and 28266 columns
Presolve time: 0.24s
Presolved: 25748 rows, 18294 columns, 351977 nonzeros

Ordering time: 0.65s

Barrier statistics:
 AA' NZ     : 1.301e+06
 Factor NZ  : 7.088e+06 (roughly 70 MBytes of memory)
 Factor Ops : 5.618e+09 (less than 1 second per iteration)
 Threads    : 1

                  Objective                Residual
Iter       Primal          Dual         Primal    Dual     Compl     Time
   0   5.03788572e+20 -3.79582326e+17  9.31e+08 2.08e+12  3.51e+16     2s
   1   2.71147571e+20 -5.08779986e+17  9.15e+08 1.98e+12  3.42e+16     2s
   2   2.65511333e+20 -8.74943775e+17  6.85e+08 1.77e+12  2.80e+16     3s
   3   1.45634318e+20 -3.29238353e+18  3.25e+08 4.67e+11  1.55e+16     3s
   4   3.43022959e+19 -3.59608777e+18  7.06e+07 3.87e+10  3.75e+15     4s
   5   3.05895255e+18 -2.78648903e+18  6.26e+06 2.56e+09  3.79e+14     4s
   6   9.24058820e+17 -1.62356738e+18  1.91e+06 6.12e+08  1.27e+14     5s
   7   3.18059796e+17 -1.27288365e+18  7.37e+05 4.25e+08  6.05e+13     5s
   8   6.81226577e+16 -3.71525587e+17  1.57e+05 5.48e+07  1.44e+13     6s
   9   1.75046180e+16 -1.34451256e+17  3.96e+04 1.60e+07  4.44e+12     6s
  10   9.94100885e+15 -4.42911243e+16  2.24e+04 4.60e+06  1.83e+12     7s
  11   3.94232689e+15 -8.76860585e+15  8.76e+03 4.48e+05  5.46e+11     7s
  12   5.71242309e+14 -1.67214282e+15  1.19e+03 1.08e+04  8.30e+10     8s
  13   6.18159649e+13 -5.01237773e+14  9.19e+01 5.43e+02  1.42e+10     9s
  14   1.95621901e+13 -1.45244106e+14  8.54e+00 1.03e+02  3.85e+09     9s
  15   2.12514889e+12 -1.84262773e+13  6.93e-01 2.25e+00  4.44e+08    10s
  16   2.38162911e+11 -2.00803530e+12  5.27e-02 2.07e-01  4.65e+07    10s
  17   3.57298667e+10 -3.98134538e+11  6.35e-03 3.74e-02  8.91e+06    11s
  18   8.73158253e+09 -2.19007189e+11  1.17e-03 2.05e-02  4.67e+06    11s
  19   1.40365478e+09 -9.17758676e+09  1.23e-05 7.32e-04  2.17e+05    12s
  20   2.45020896e+08 -1.00135700e+09  9.62e-07 2.44e-04  2.56e+04    13s
  21   1.84424962e+07 -1.22053364e+08  7.80e-09 2.44e-04  2.88e+03    13s
  22   2.32816495e+06 -3.19992218e+06  7.26e-09 4.88e-04  1.13e+02    14s
  23   4.69220932e+05 -1.72172698e+06  1.64e-09 2.44e-04  4.49e+01    15s
  24   3.27315963e+05 -5.74829229e+04  2.09e-09 4.88e-04  7.89e+00    16s
  25   2.91130168e+05  7.51517246e+04  1.24e-09 2.44e-04  4.43e+00    17s
  26   2.63788235e+05  1.67793550e+05  1.64e-09 4.88e-04  1.97e+00    17s
  27   2.53524537e+05  1.95203395e+05  1.26e-09 2.44e-04  1.20e+00    18s
  28   2.43029720e+05  2.16180105e+05  1.77e-09 2.44e-04  5.51e-01    19s
  29   2.38629548e+05  2.28654944e+05  1.06e-09 2.44e-04  2.05e-01    19s
  30   2.34998472e+05  2.33987119e+05  1.62e-09 2.44e-04  2.08e-02    20s
  31   2.34724542e+05  2.34562812e+05  4.67e-09 2.44e-04  3.41e-03    21s
  32   2.34664705e+05  2.34639981e+05  1.39e-08 2.44e-04  6.67e-04    22s
  33   2.34652328e+05  2.34654088e+05  3.07e-09 4.88e-04  5.35e-05    23s
  34   2.34650571e+05  2.34650050e+05  1.47e-08 4.88e-04  2.78e-05    23s
  35   2.34650173e+05  2.34650386e+05  9.93e-09 2.44e-04  1.32e-05    24s

Barrier performed 35 iterations in 24.45 seconds
Barrier solve interrupted - model solved by another algorithm


Solved with dual simplex
Solved in 55296 iterations and 24.46 seconds
Optimal objective  2.346496148e+05

Wrote result file 'TotalCCG.sol'


Gurobi 9.1.1 (mac64, gurobi_cl) logging started Thu Mar 18 09:57:40 2021

Academic license - for non-commercial use only - expires 2021-04-06
Using license file /Users/agnese/gurobi.lic
Set parameter LogFile to value gurobi.log

Gurobi Optimizer version 9.1.1 build v9.1.1rc0 (mac64)
Copyright (c) 2020, Gurobi Optimization, LLC

Read LP format model from file /Users/agnese/Documents/KTH-Work/GitHub_repositories/KTH-dESA/GLUCOSE/results/CCG/gurobi/GLUCOSE_4.FinalTotal_CCG.lp
Reading time = 0.43 seconds
cost: 55902 rows, 46410 columns, 511416 nonzeros
Thread count: 2 physical cores, 4 logical processors, using up to 4 threads
Optimize a model with 55902 rows, 46410 columns and 511416 nonzeros
Model fingerprint: 0x30d2dc78
Coefficient statistics:
  Matrix range     [2e-08, 6e+03]
  Objective range  [7e-08, 4e+11]
  Bounds range     [0e+00, 0e+00]
  RHS range        [1e-04, 1e+06]
Warning: Model contains large objective coefficients
         Consider reformulating model or setting NumericFocus parameter
         to avoid numerical issues.

Concurrent LP optimizer: dual simplex and barrier
Showing barrier log only...

Presolve removed 30154 rows and 28266 columns
Presolve time: 0.25s
Presolved: 25748 rows, 18294 columns, 351977 nonzeros

Ordering time: 0.67s

Barrier statistics:
 AA' NZ     : 1.301e+06
 Factor NZ  : 7.088e+06 (roughly 70 MBytes of memory)
 Factor Ops : 5.618e+09 (less than 1 second per iteration)
 Threads    : 1

                  Objective                Residual
Iter       Primal          Dual         Primal    Dual     Compl     Time
   0   5.03789342e+20 -3.79582326e+17  9.31e+08 2.08e+12  3.51e+16     2s
   1   2.71147952e+20 -5.08838481e+17  9.15e+08 1.98e+12  3.42e+16     2s
   2   2.65511770e+20 -8.75125256e+17  6.85e+08 1.77e+12  2.80e+16     3s
   3   1.45634613e+20 -3.29326169e+18  3.25e+08 4.67e+11  1.55e+16     4s
   4   3.43026485e+19 -3.59721193e+18  7.06e+07 3.87e+10  3.75e+15     4s
   5   3.05897367e+18 -2.78751108e+18  6.26e+06 2.56e+09  3.79e+14     5s
   6   9.24064158e+17 -1.62406193e+18  1.91e+06 6.12e+08  1.27e+14     5s
   7   3.18021168e+17 -1.27332791e+18  7.37e+05 4.24e+08  6.05e+13     6s
   8   6.81129808e+16 -3.71821800e+17  1.57e+05 5.49e+07  1.44e+13     6s
   9   1.75374509e+16 -1.33468256e+17  3.96e+04 1.59e+07  4.43e+12     7s
  10   9.95133643e+15 -4.43162780e+16  2.24e+04 4.60e+06  1.83e+12     7s
  11   4.02426817e+15 -9.29858212e+15  8.96e+03 5.07e+05  5.64e+11     8s
  12   5.72678495e+14 -3.41396462e+15  1.20e+03 1.24e+05  1.20e+11     8s
  13   7.57253397e+13 -7.40927351e+14  1.03e+02 9.38e+03  1.98e+10     9s
  14   2.72490900e+13 -3.39536028e+14  1.99e+01 3.64e+03  8.25e+09    10s
  15   2.79274318e+12 -3.55148450e+13  7.66e-01 9.48e+01  8.17e+08    10s
  16   1.25654858e+11 -2.68000497e+12  1.78e-02 4.13e+00  5.78e+07    11s
  17   1.66861288e+10 -4.45685449e+11  8.72e-08 4.74e-01  9.48e+06    12s
  18   4.20819004e+09 -7.53221459e+10  1.52e-08 7.20e-02  1.63e+06    12s
  19   7.02387841e+08 -7.61997445e+09  1.06e-08 4.39e-03  1.71e+05    13s
  20   2.08290182e+08 -2.94169455e+09  1.10e-08 1.71e-03  6.46e+04    13s
  21   3.20841993e+07 -1.45642964e+08  1.61e-08 2.44e-04  3.65e+03    14s

Barrier performed 21 iterations in 13.82 seconds
Barrier solve interrupted - model solved by another algorithm


Solved with dual simplex
Solved in 29531 iterations and 13.84 seconds
Optimal objective  2.329613770e+05

Wrote result file 'TotalCCG.sol'


Gurobi 9.1.1 (mac64, gurobi_cl) logging started Thu Mar 18 10:28:11 2021

Academic license - for non-commercial use only - expires 2021-04-06
Using license file /Users/agnese/gurobi.lic
Set parameter LogFile to value gurobi.log

Gurobi Optimizer version 9.1.1 build v9.1.1rc0 (mac64)
Copyright (c) 2020, Gurobi Optimization, LLC

Read LP format model from file /Users/agnese/Documents/KTH-Work/GitHub_repositories/KTH-dESA/GLUCOSE/results/CCG/gurobi/GLUCOSE_4.FinalTotal_CCG2.lp
Reading time = 0.50 seconds
cost: 55902 rows, 46410 columns, 511416 nonzeros
Thread count: 2 physical cores, 4 logical processors, using up to 4 threads
Optimize a model with 55902 rows, 46410 columns and 511416 nonzeros
Model fingerprint: 0x114a4588
Coefficient statistics:
  Matrix range     [2e-08, 6e+03]
  Objective range  [7e-08, 4e+11]
  Bounds range     [0e+00, 0e+00]
  RHS range        [1e-04, 1e+06]
Warning: Model contains large objective coefficients
         Consider reformulating model or setting NumericFocus parameter
         to avoid numerical issues.

Concurrent LP optimizer: dual simplex and barrier
Showing barrier log only...

Presolve removed 30359 rows and 28419 columns
Presolve time: 0.29s
Presolved: 25543 rows, 18141 columns, 351212 nonzeros

Ordering time: 0.60s

Barrier statistics:
 AA' NZ     : 1.297e+06
 Factor NZ  : 6.552e+06 (roughly 70 MBytes of memory)
 Factor Ops : 4.381e+09 (less than 1 second per iteration)
 Threads    : 1

                  Objective                Residual
Iter       Primal          Dual         Primal    Dual     Compl     Time
   0   5.03775690e+20 -3.22208611e+17  9.31e+08 2.08e+12  3.51e+16     2s
   1   2.71130337e+20 -4.51100767e+17  9.15e+08 1.98e+12  3.42e+16     2s
   2   3.41655925e+20 -7.92546162e+17  7.24e+08 1.79e+12  2.93e+16     2s
   3   1.85300328e+20 -1.47946585e+18  4.28e+08 1.34e+12  2.02e+16     3s
   4   7.98366057e+19 -3.64519552e+18  1.64e+08 2.28e+11  8.71e+15     3s
   5   1.52999818e+19 -3.27340009e+18  3.08e+07 1.56e+10  1.81e+15     4s
   6   1.44701374e+18 -1.93222433e+18  2.92e+06 1.58e-03  1.98e+14     4s
   7   8.93075458e+17 -1.47540766e+18  1.83e+06 1.13e-03  1.26e+14     5s
   8   2.06436405e+17 -8.34322290e+17  4.16e+05 1.09e-03  3.81e+13     5s
   9   1.26783100e+17 -6.29239610e+17  2.55e+05 8.00e-04  2.52e+13     6s
  10   1.97872075e+16 -1.13304487e+17  3.88e+04 2.24e-03  4.21e+12     6s
  11   8.17282370e+15 -4.76205129e+16  1.57e+04 1.48e-03  1.74e+12     7s
  12   2.70943110e+15 -1.00645364e+16  5.04e+03 3.00e-03  4.53e+11     7s
  13   6.89954031e+14 -1.67544930e+15  1.22e+03 7.32e-03  9.09e+10     8s
  14   7.26080701e+13 -5.17832716e+14  9.61e+01 5.72e-03  1.52e+10     9s
  15   2.07258806e+13 -1.58461233e+14  8.12e+00 5.98e-03  4.20e+09     9s
  16   2.07594179e+12 -2.24746429e+13  5.78e-01 4.00e-03  5.29e+08    10s
  17   1.15876976e+11 -2.07359998e+12  1.85e-02 7.98e-04  4.55e+07    10s
  18   7.50618042e+09 -4.55329814e+11  4.96e-05 4.88e-04  9.59e+06    11s
  19   2.81181063e+09 -3.62160445e+10  2.62e-07 2.44e-04  8.09e+05    11s
  20   3.97884875e+08 -2.13797588e+09  2.24e-09 4.88e-04  5.26e+04    12s
  21   3.27777672e+07 -1.12857520e+08  7.03e-09 4.88e-04  3.02e+03    13s
  22   3.04087928e+06 -8.36535817e+06  3.81e-09 4.88e-04  2.36e+02    13s
  23   5.29278508e+05 -6.03189503e+05  6.37e-09 4.88e-04  2.35e+01    14s
  24   3.14710171e+05  1.03294324e+05  3.51e-09 4.88e-04  4.38e+00    15s
  25   2.65182185e+05  1.93432760e+05  1.74e-09 2.44e-04  1.49e+00    16s
  26   2.44590994e+05  2.22972815e+05  1.12e-09 2.44e-04  4.48e-01    16s
  27   2.38770076e+05  2.28154088e+05  1.12e-09 2.44e-04  2.20e-01    17s
  28   2.34635482e+05  2.31165020e+05  9.62e-10 2.44e-04  7.20e-02    17s
  29   2.32988091e+05  2.32423850e+05  5.49e-09 4.88e-04  1.18e-02    18s
  30   2.32712535e+05  2.32544187e+05  2.42e-08 2.44e-04  3.70e-03    18s
  31   2.32651045e+05  2.32633489e+05  3.58e-08 2.44e-04  5.14e-04    19s
  32   2.32642063e+05  2.32643663e+05  2.44e-08 2.44e-04  5.62e-05    20s
  33   2.32640782e+05  2.32642320e+05  1.56e-08 1.22e-04  2.76e-05    20s
  34   2.32639899e+05  2.32640250e+05  1.56e-08 4.88e-04  2.68e-06    21s
  35   2.32639863e+05  2.32640059e+05  2.63e-08 2.44e-04  1.84e-06    22s
  36   2.32639827e+05  2.32639856e+05  7.34e-07 2.44e-04  8.81e-07    22s
  37   2.32639806e+05  2.32639815e+05  2.31e-06 2.44e-04  3.86e-07    23s
  38   2.32639799e+05  2.32639803e+05  1.34e-06 2.44e-04  2.23e-07    23s
  39   2.32639791e+05  2.32639789e+05  5.12e-06 2.44e-04  3.38e-08    24s
  40   2.32639790e+05  2.32639789e+05  1.18e-07 2.44e-04  2.47e-09    24s

Barrier solved model in 40 iterations and 24.33 seconds
Optimal objective 2.32639790e+05

Crossover log...

    7001 DPushes remaining with DInf 0.0000000e+00                24s
       0 DPushes remaining with DInf 0.0000000e+00                25s

    3959 PPushes remaining with PInf 2.9194114e-04                25s
       0 PPushes remaining with PInf 1.0017366e-06                25s

  Push phase complete: Pinf 1.0017366e-06, Dinf 4.5616887e-01     25s

Iteration    Objective       Primal Inf.    Dual Inf.      Time
    8033    2.3263979e+05   0.000000e+00   4.561689e-01     25s
Extra simplex iterations after uncrush: 5
    8276    2.3263979e+05   0.000000e+00   0.000000e+00     25s

Solved with barrier
Solved in 8276 iterations and 25.32 seconds
Optimal objective  2.326397903e+05

Wrote result file 'TotalCCG2.sol'


Gurobi 9.1.1 (mac64, gurobi_cl) logging started Thu Mar 18 10:37:48 2021

Academic license - for non-commercial use only - expires 2021-04-06
Using license file /Users/agnese/gurobi.lic
Set parameter LogFile to value gurobi.log

Gurobi Optimizer version 9.1.1 build v9.1.1rc0 (mac64)
Copyright (c) 2020, Gurobi Optimization, LLC

Read LP format model from file /Users/agnese/Documents/KTH-Work/GitHub_repositories/KTH-dESA/GLUCOSE/results/CCG/gurobi/GLUCOSE_4.FinalTotal_CCG3.lp
Reading time = 0.44 seconds
cost: 55902 rows, 46410 columns, 511416 nonzeros
Thread count: 2 physical cores, 4 logical processors, using up to 4 threads
Optimize a model with 55902 rows, 46410 columns and 511416 nonzeros
Model fingerprint: 0xbccef6d7
Coefficient statistics:
  Matrix range     [2e-08, 6e+03]
  Objective range  [7e-08, 4e+11]
  Bounds range     [0e+00, 0e+00]
  RHS range        [1e-04, 1e+06]
Warning: Model contains large objective coefficients
         Consider reformulating model or setting NumericFocus parameter
         to avoid numerical issues.

Concurrent LP optimizer: dual simplex and barrier
Showing barrier log only...

Presolve removed 30359 rows and 28419 columns
Presolve time: 0.25s
Presolved: 25543 rows, 18141 columns, 351212 nonzeros

Ordering time: 0.59s

Barrier statistics:
 AA' NZ     : 1.297e+06
 Factor NZ  : 6.552e+06 (roughly 70 MBytes of memory)
 Factor Ops : 4.381e+09 (less than 1 second per iteration)
 Threads    : 1

                  Objective                Residual
Iter       Primal          Dual         Primal    Dual     Compl     Time
   0   5.03775691e+20 -3.22208611e+17  9.31e+08 2.08e+12  3.51e+16     2s
   1   2.71130338e+20 -4.51100500e+17  9.15e+08 1.98e+12  3.42e+16     2s
   2   3.41655922e+20 -7.92545696e+17  7.24e+08 1.79e+12  2.93e+16     2s
   3   1.85300339e+20 -1.47946781e+18  4.28e+08 1.34e+12  2.02e+16     3s
   4   7.98387109e+19 -3.64522338e+18  1.64e+08 2.28e+11  8.71e+15     3s
   5   1.52997898e+19 -3.27341228e+18  3.08e+07 1.56e+10  1.81e+15     4s
   6   1.44701338e+18 -1.93219904e+18  2.92e+06 1.95e-03  1.98e+14     4s
   7   8.93063730e+17 -1.47539496e+18  1.83e+06 1.78e-03  1.26e+14     4s
   8   2.13820242e+17 -8.46535737e+17  4.33e+05 6.23e-04  3.93e+13     5s
   9   4.48574284e+16 -3.01047818e+17  9.05e+04 2.39e-03  1.02e+13     5s
  10   1.23890429e+16 -6.17456012e+16  2.45e+04 1.29e-03  2.40e+12     6s
  11   3.84544227e+15 -9.24120646e+15  7.35e+03 3.52e-03  5.27e+11     6s
  12   9.65328916e+14 -3.90844820e+15  1.81e+03 9.83e-03  1.59e+11     7s
  13   2.54732220e+14 -1.36892128e+15  4.37e+02 4.27e-03  4.63e+10     7s
  14   4.49848243e+13 -3.73105471e+14  4.27e+01 6.59e-03  1.01e+10     8s
  15   1.35746660e+13 -9.52652718e+13  4.50e+00 1.05e-02  2.50e+09     9s
  16   6.93523851e+11 -1.60517768e+13  1.90e-01 2.93e-03  3.52e+08     9s
  17   6.62260653e+10 -2.21955465e+12  8.55e-03 7.45e-04  4.74e+07     9s
  18   1.28542503e+10 -1.99615818e+11  3.13e-08 4.88e-04  4.40e+06    10s
  19   2.13522797e+09 -1.83399915e+10  2.88e-09 4.88e-04  4.24e+05    11s
  20   5.16105921e+08 -1.72933774e+09  3.53e-09 2.44e-04  4.65e+04    11s
  21   9.22684100e+07 -3.29438235e+08  2.95e-09 2.44e-04  8.74e+03    12s
  22   6.72016604e+06 -2.10364285e+07  1.67e-09 4.88e-04  5.75e+02    12s
  23   7.92184537e+05 -1.53821017e+06  1.79e-09 2.44e-04  4.83e+01    13s
  24   3.43235889e+05  6.16553461e+04  1.73e-09 4.88e-04  5.84e+00    14s
  25   2.81513482e+05  1.68993220e+05  1.72e-09 4.88e-04  2.33e+00    14s
  26   2.53809127e+05  2.09379247e+05  2.03e-09 2.44e-04  9.21e-01    15s
  27   2.39699249e+05  2.28199896e+05  1.48e-09 4.88e-04  2.38e-01    15s
  28   2.36493263e+05  2.30165284e+05  1.02e-09 4.88e-04  1.31e-01    16s
  29   2.34384895e+05  2.32190077e+05  1.56e-09 2.44e-04  4.55e-02    16s
  30   2.33163590e+05  2.32977858e+05  1.96e-09 7.32e-04  3.96e-03    17s
  31   2.33107365e+05  2.33043186e+05  4.05e-08 4.88e-04  1.51e-03    18s
  32   2.33083519e+05  2.33081097e+05  3.93e-09 4.88e-04  1.16e-04    19s
  33   2.33081239e+05  2.33080309e+05  7.21e-09 4.88e-04  1.70e-05    20s
  34   2.33080948e+05  2.33080808e+05  3.01e-09 2.44e-04  6.90e-06    20s
  35   2.33080743e+05  2.33080816e+05  1.02e-09 3.66e-04  4.41e-07    21s
  36   2.33080736e+05  2.33080757e+05  4.08e-10 2.44e-04  1.55e-07    22s
  37   2.33080733e+05  2.33080734e+05  2.13e-08 1.22e-04  2.87e-08    22s
  38   2.33080733e+05  2.33080732e+05  5.82e-09 2.44e-04  6.20e-09    23s

Barrier solved model in 38 iterations and 22.79 seconds
Optimal objective 2.33080733e+05

Crossover log...

    7119 DPushes remaining with DInf 0.0000000e+00                23s
       0 DPushes remaining with DInf 0.0000000e+00                23s

    4770 PPushes remaining with PInf 1.7449778e-04                23s
       0 PPushes remaining with PInf 6.7114174e-04                23s

  Push phase complete: Pinf 6.7114174e-04, Dinf 4.6637730e+00     23s

Iteration    Objective       Primal Inf.    Dual Inf.      Time
    8990    2.3308073e+05   0.000000e+00   4.663773e+00     23s
Extra simplex iterations after uncrush: 5
    9296    2.3308073e+05   0.000000e+00   0.000000e+00     24s

Solved with barrier
Solved in 9296 iterations and 23.78 seconds
Optimal objective  2.330807325e+05

Wrote result file 'TotalCCG3.sol'


Gurobi 9.1.1 (mac64, gurobi_cl) logging started Thu Mar 18 15:09:57 2021

Academic license - for non-commercial use only - expires 2021-04-06
Using license file /Users/agnese/gurobi.lic
Set parameter LogFile to value gurobi.log

Gurobi Optimizer version 9.1.1 build v9.1.1rc0 (mac64)
Copyright (c) 2020, Gurobi Optimization, LLC

Read LP format model from file /Users/agnese/Documents/KTH-Work/GitHub_repositories/KTH-dESA/GLUCOSE/results/CCG/gurobi/GLUCOSE_4.FinalTotal_CCG3.lp
Reading time = 0.57 seconds
cost: 55902 rows, 46410 columns, 511416 nonzeros
Thread count: 2 physical cores, 4 logical processors, using up to 4 threads
Optimize a model with 55902 rows, 46410 columns and 511416 nonzeros
Model fingerprint: 0x35b73ba6
Coefficient statistics:
  Matrix range     [2e-08, 6e+03]
  Objective range  [7e-08, 4e+11]
  Bounds range     [0e+00, 0e+00]
  RHS range        [1e-04, 1e+06]
Warning: Model contains large objective coefficients
         Consider reformulating model or setting NumericFocus parameter
         to avoid numerical issues.

Concurrent LP optimizer: dual simplex and barrier
Showing barrier log only...

Presolve removed 30359 rows and 28419 columns
Presolve time: 0.38s
Presolved: 25543 rows, 18141 columns, 351212 nonzeros

Ordering time: 0.86s

Barrier statistics:
 AA' NZ     : 1.297e+06
 Factor NZ  : 6.552e+06 (roughly 70 MBytes of memory)
 Factor Ops : 4.381e+09 (roughly 1 second per iteration)
 Threads    : 1

                  Objective                Residual
Iter       Primal          Dual         Primal    Dual     Compl     Time
   0   5.03775755e+20 -3.22208611e+17  9.31e+08 2.08e+12  3.51e+16     4s
   1   2.71130353e+20 -4.51108166e+17  9.15e+08 1.98e+12  3.42e+16     5s
   2   3.41656131e+20 -7.92574619e+17  7.24e+08 1.79e+12  2.93e+16     7s
   3   1.85296007e+20 -1.47952909e+18  4.28e+08 1.34e+12  2.02e+16     8s
   4   7.98356512e+19 -3.64324858e+18  1.64e+08 2.29e+11  8.71e+15     8s
   5   1.53224207e+19 -3.27408181e+18  3.08e+07 1.58e+10  1.81e+15    10s
   6   1.44401135e+18 -1.92894916e+18  2.92e+06 2.75e-03  1.98e+14    10s
   7   8.94119731e+17 -1.47459852e+18  1.84e+06 2.63e-03  1.26e+14    11s
   8   1.82859962e+17 -8.37126197e+17  3.56e+05 8.61e-04  3.54e+13    13s
   9   1.08324393e+17 -2.84811536e+17  2.26e+05 1.90e-03  1.57e+13    15s
  10   1.40938909e+16 -5.58795852e+16  2.85e+04 1.62e-03  2.50e+12    16s
  11   4.40030721e+15 -9.25627595e+15  8.71e+03 1.27e-03  5.94e+11    17s
  12   6.92963055e+14 -2.91572495e+15  1.31e+03 7.14e-03  1.18e+11    18s
  13   2.60985772e+14 -1.92828916e+15  4.75e+02 6.04e-03  6.00e+10    19s
  14   3.67204792e+13 -3.75094833e+14  4.14e+01 2.99e-03  9.62e+09    20s
  15   2.20518358e+12 -4.56752072e+13  5.97e-01 4.11e-03  1.02e+09    24s
  16   1.85295895e+11 -3.26834818e+12  1.25e-02 1.91e-03  7.17e+07    25s
  17   9.59597646e+09 -1.82113569e+11  1.01e-07 4.90e-04  3.97e+06    26s
  18   1.22763297e+09 -2.34698057e+10  9.33e-09 2.44e-04  5.12e+05    28s
  19   2.61765115e+08 -1.24586469e+09  6.69e-09 7.32e-04  3.13e+04    29s
  20   3.81764127e+07 -1.60277101e+08  4.47e-09 2.44e-04  4.11e+03    30s
  21   2.96303007e+06 -1.26105012e+07  5.38e-09 2.44e-04  3.23e+02    31s
  22   5.44437177e+05 -5.48228670e+05  3.11e-09 4.88e-04  2.27e+01    33s
  23   3.77673389e+05 -1.41570155e+05  1.44e-09 2.44e-04  1.08e+01    34s
  24   2.79112179e+05  2.00431263e+05  1.72e-09 2.44e-04  1.63e+00    37s
  25   2.53218668e+05  2.15904130e+05  1.21e-09 2.44e-04  7.74e-01    38s
  26   2.45140753e+05  2.23723249e+05  1.02e-09 2.44e-04  4.44e-01    39s
  27   2.39676535e+05  2.28239343e+05  8.29e-10 2.44e-04  2.37e-01    40s
  28   2.35094833e+05  2.31544431e+05  1.12e-09 4.88e-04  7.36e-02    41s
  29   2.33513189e+05  2.32125428e+05  1.99e-09 2.44e-04  2.88e-02    42s
  30   2.32629754e+05  2.32533259e+05  1.27e-08 4.88e-04  2.15e-03    43s
  31   2.32578279e+05  2.32575738e+05  1.38e-08 4.88e-04  1.56e-04    45s
  32   2.32575682e+05  2.32575749e+05  1.25e-08 2.44e-04  8.34e-05    46s
  33   2.32574462e+05  2.32574719e+05  8.80e-09 2.44e-04  5.03e-05    48s
  34   2.32573124e+05  2.32572274e+05  5.11e-09 2.44e-04  1.37e-05    49s
  35   2.32572575e+05  2.32572716e+05  3.23e-09 2.44e-04  1.00e-06    50s
  36   2.32572552e+05  2.32572567e+05  2.27e-08 2.44e-04  3.21e-07    51s
  37   2.32572542e+05  2.32572544e+05  2.02e-06 1.22e-04  6.80e-08    52s
  38   2.32572541e+05  2.32572542e+05  1.30e-06 1.22e-04  4.44e-08    53s

Barrier solved model in 38 iterations and 53.19 seconds
Optimal objective 2.32572541e+05

Crossover log...

    7264 DPushes remaining with DInf 0.0000000e+00                53s
       0 DPushes remaining with DInf 0.0000000e+00                54s

    5172 PPushes remaining with PInf 6.2790355e-04                54s
       1 PPushes remaining with PInf 0.0000000e+00                55s
       0 PPushes remaining with PInf 0.0000000e+00                55s

  Push phase complete: Pinf 0.0000000e+00, Dinf 8.6064180e+01     55s

Iteration    Objective       Primal Inf.    Dual Inf.      Time
    9506    2.3257254e+05   0.000000e+00   8.606418e+01     55s
Extra simplex iterations after uncrush: 16
    9850    2.3257254e+05   0.000000e+00   0.000000e+00     55s

Solved with barrier
Solved in 9850 iterations and 55.47 seconds
Optimal objective  2.325725401e+05

Wrote result file 'TotalCCG3.sol'


Gurobi 9.1.1 (mac64, gurobi_cl) logging started Thu Mar 18 15:50:13 2021

Academic license - for non-commercial use only - expires 2021-04-06
Using license file /Users/agnese/gurobi.lic
Set parameter LogFile to value gurobi.log

Gurobi Optimizer version 9.1.1 build v9.1.1rc0 (mac64)
Copyright (c) 2020, Gurobi Optimization, LLC

Read LP format model from file /Users/agnese/Documents/KTH-Work/GitHub_repositories/KTH-dESA/GLUCOSE/results/CCG/gurobi/GLUCOSE_4.FinalTotal_CCG4.lp
Reading time = 0.44 seconds
cost: 55902 rows, 46410 columns, 511416 nonzeros
Thread count: 2 physical cores, 4 logical processors, using up to 4 threads
Optimize a model with 55902 rows, 46410 columns and 511416 nonzeros
Model fingerprint: 0x9046d992
Coefficient statistics:
  Matrix range     [2e-08, 6e+03]
  Objective range  [7e-08, 4e+11]
  Bounds range     [0e+00, 0e+00]
  RHS range        [1e-04, 1e+06]
Warning: Model contains large objective coefficients
         Consider reformulating model or setting NumericFocus parameter
         to avoid numerical issues.

Concurrent LP optimizer: dual simplex and barrier
Showing barrier log only...

Presolve removed 30359 rows and 28419 columns
Presolve time: 0.25s
Presolved: 25543 rows, 18141 columns, 351212 nonzeros

Ordering time: 0.59s

Barrier statistics:
 AA' NZ     : 1.297e+06
 Factor NZ  : 6.552e+06 (roughly 70 MBytes of memory)
 Factor Ops : 4.381e+09 (less than 1 second per iteration)
 Threads    : 1

                  Objective                Residual
Iter       Primal          Dual         Primal    Dual     Compl     Time
   0   5.03775755e+20 -3.22208611e+17  9.31e+08 2.08e+12  3.51e+16     2s
   1   2.71130353e+20 -4.51107919e+17  9.15e+08 1.98e+12  3.42e+16     2s
   2   3.41656131e+20 -7.92573849e+17  7.24e+08 1.79e+12  2.93e+16     2s
   3   1.85296008e+20 -1.47952713e+18  4.28e+08 1.34e+12  2.02e+16     3s
   4   7.98356518e+19 -3.64324288e+18  1.64e+08 2.29e+11  8.71e+15     3s
   5   1.53224204e+19 -3.27407517e+18  3.08e+07 1.58e+10  1.81e+15     4s
   6   1.44401134e+18 -1.92894241e+18  2.92e+06 1.72e-03  1.98e+14     4s
   7   8.94119753e+17 -1.47459203e+18  1.84e+06 9.92e-04  1.26e+14     5s
   8   1.82852954e+17 -8.37120151e+17  3.56e+05 1.90e-03  3.54e+13     5s
   9   1.08324041e+17 -2.84841263e+17  2.26e+05 1.61e-03  1.57e+13     6s
  10   1.40938383e+16 -5.58760219e+16  2.85e+04 1.90e-03  2.50e+12     6s
  11   4.40068173e+15 -9.25606801e+15  8.71e+03 3.61e-03  5.94e+11     7s
  12   6.93577001e+14 -2.91262269e+15  1.31e+03 5.37e-03  1.18e+11     7s
  13   2.22216040e+14 -1.43699989e+15  3.81e+02 6.10e-03  4.54e+10     8s
  14   3.78523404e+13 -4.40825814e+14  4.41e+01 3.30e-03  1.11e+10     9s
  15   8.75280173e+12 -1.64006882e+14  2.67e+00 2.99e-03  3.75e+09     9s
  16   1.34598159e+12 -2.79373592e+13  3.83e-01 2.57e-03  6.17e+08    10s
  17   5.91323531e+10 -1.47259850e+12  6.68e-03 1.21e-03  3.18e+07    10s
  18   8.57573161e+09 -1.01460986e+11  6.35e-09 4.88e-04  2.28e+06    11s
  19   1.38118374e+09 -7.54394589e+09  7.35e-09 4.88e-04  1.85e+05    11s
  20   2.24893969e+08 -6.20657775e+08  2.31e-09 4.88e-04  1.75e+04    12s
  21   1.71309823e+07 -1.05974496e+08  2.11e-09 2.44e-04  2.55e+03    12s
  22   2.20872437e+06 -2.83664580e+06  1.75e-09 4.88e-04  1.05e+02    13s
  23   4.46524191e+05 -2.74063329e+05  1.58e-09 2.44e-04  1.49e+01    14s
  24   3.95804953e+05 -9.80563364e+04  1.48e-09 2.44e-04  1.02e+01    14s
  25   3.17790544e+05  3.99654457e+04  1.16e-09 2.44e-04  5.76e+00    15s
  26   2.86549809e+05  1.12410587e+05  9.82e-10 2.44e-04  3.61e+00    15s
  27   2.65525659e+05  1.64647822e+05  7.29e-10 2.44e-04  2.09e+00    15s
  28   2.54140054e+05  1.92973784e+05  6.15e-10 2.44e-04  1.27e+00    16s
  29   2.47652597e+05  2.01602888e+05  1.17e-09 2.44e-04  9.55e-01    16s
  30   2.40795836e+05  2.20751626e+05  1.15e-09 2.44e-04  4.16e-01    17s
  31   2.36805436e+05  2.29667729e+05  5.26e-10 2.44e-04  1.48e-01    17s
  32   2.34682245e+05  2.31341654e+05  1.14e-09 2.44e-04  6.93e-02    18s
  33   2.33954082e+05  2.32423066e+05  2.13e-09 2.44e-04  3.18e-02    18s
  34   2.33545112e+05  2.33004351e+05  2.44e-09 4.88e-04  1.13e-02    19s
  35   2.33342059e+05  2.33241964e+05  2.19e-08 4.88e-04  2.24e-03    19s
  36   2.33297695e+05  2.33296974e+05  3.61e-09 2.44e-04  9.88e-05    20s
  37   2.33295433e+05  2.33296319e+05  9.12e-09 2.44e-04  2.49e-05    21s
  38   2.33294771e+05  2.33294716e+05  2.68e-09 4.88e-04  5.32e-06    22s
  39   2.33294706e+05  2.33294716e+05  9.76e-09 2.44e-04  3.85e-06    22s

Barrier performed 39 iterations in 22.14 seconds
Barrier solve interrupted - model solved by another algorithm


Solved with dual simplex
Solved in 52105 iterations and 22.15 seconds
Optimal objective  2.332945284e+05

Wrote result file 'TotalCCG4.sol'


Gurobi 9.1.1 (mac64, gurobi_cl) logging started Thu Mar 18 16:43:01 2021

Academic license - for non-commercial use only - expires 2021-04-06
Using license file /Users/agnese/gurobi.lic
Set parameter LogFile to value gurobi.log

Gurobi Optimizer version 9.1.1 build v9.1.1rc0 (mac64)
Copyright (c) 2020, Gurobi Optimization, LLC

Read LP format model from file /Users/agnese/Documents/KTH-Work/GitHub_repositories/KTH-dESA/GLUCOSE/results/CCG/gurobi/GLUCOSE_4.FinalTotal_CCG4.lp
Reading time = 0.46 seconds
cost: 55902 rows, 46410 columns, 511416 nonzeros
Thread count: 2 physical cores, 4 logical processors, using up to 4 threads
Optimize a model with 55902 rows, 46410 columns and 511416 nonzeros
Model fingerprint: 0x69575e68
Coefficient statistics:
  Matrix range     [2e-08, 6e+03]
  Objective range  [7e-08, 4e+11]
  Bounds range     [0e+00, 0e+00]
  RHS range        [1e-04, 1e+06]
Warning: Model contains large objective coefficients
         Consider reformulating model or setting NumericFocus parameter
         to avoid numerical issues.

Concurrent LP optimizer: dual simplex and barrier
Showing barrier log only...

Presolve removed 30359 rows and 28419 columns
Presolve time: 0.28s
Presolved: 25543 rows, 18141 columns, 351212 nonzeros

Ordering time: 0.64s

Barrier statistics:
 AA' NZ     : 1.297e+06
 Factor NZ  : 6.552e+06 (roughly 70 MBytes of memory)
 Factor Ops : 4.381e+09 (less than 1 second per iteration)
 Threads    : 1

                  Objective                Residual
Iter       Primal          Dual         Primal    Dual     Compl     Time
   0   5.03775754e+20 -3.22208611e+17  9.31e+08 2.08e+12  3.51e+16     2s
   1   2.71130353e+20 -4.51107416e+17  9.15e+08 1.98e+12  3.42e+16     2s
   2   3.41656131e+20 -7.92572281e+17  7.24e+08 1.79e+12  2.93e+16     3s
   3   1.85296009e+20 -1.47952316e+18  4.28e+08 1.34e+12  2.02e+16     3s
   4   7.98356521e+19 -3.64323207e+18  1.64e+08 2.29e+11  8.71e+15     4s
   5   1.53224206e+19 -3.27406258e+18  3.08e+07 1.58e+10  1.81e+15     4s
   6   1.44401147e+18 -1.92892942e+18  2.92e+06 3.12e-03  1.98e+14     5s
   7   8.94119683e+17 -1.47457985e+18  1.84e+06 1.96e-03  1.26e+14     5s
   8   1.82871010e+17 -8.37108929e+17  3.56e+05 2.39e-03  3.54e+13     6s
   9   1.08322506e+17 -2.84739522e+17  2.26e+05 7.40e-04  1.57e+13     6s
  10   1.40932622e+16 -5.58804153e+16  2.85e+04 1.89e-03  2.50e+12     7s
  11   4.39961800e+15 -9.25585173e+15  8.71e+03 5.07e-03  5.94e+11     7s
  12   6.93269427e+14 -2.90251578e+15  1.31e+03 4.86e-03  1.17e+11     8s
  13   2.86851809e+14 -1.83457890e+15  5.18e+02 4.95e-03  5.97e+10     8s
  14   3.66680174e+13 -3.14668987e+14  4.19e+01 5.80e-03  8.34e+09     9s
  15   3.47223729e+12 -4.67621804e+13  1.01e+00 4.46e-03  1.09e+09    10s
  16   3.81108500e+11 -2.30410283e+13  5.61e-02 3.81e-03  4.87e+08    10s
  17   4.59300730e+10 -1.52850161e+12  3.34e-08 6.26e-04  3.26e+07    11s
  18   9.36136812e+09 -1.30611670e+11  2.66e-08 7.32e-04  2.90e+06    11s
  19   1.65486276e+09 -9.56021765e+09  8.27e-09 2.44e-04  2.32e+05    12s
  20   1.94071199e+08 -7.06814880e+08  3.02e-09 2.44e-04  1.87e+04    12s
  21   2.00309329e+07 -1.09992468e+08  2.08e-09 2.44e-04  2.70e+03    13s
  22   2.47510391e+06 -2.81660723e+06  1.78e-09 4.88e-04  1.10e+02    13s
  23   4.45785300e+05 -3.59671025e+05  1.44e-09 4.88e-04  1.67e+01    14s
  24   4.06790573e+05 -2.04080817e+05  1.03e-09 4.88e-04  1.27e+01    15s
  25   3.15733637e+05  7.29643934e+04  1.07e-09 2.44e-04  5.03e+00    15s
  26   2.56113051e+05  2.01331448e+05  2.26e-09 1.22e-04  1.14e+00    16s
  27   2.44905824e+05  2.16967710e+05  1.55e-09 2.44e-04  5.79e-01    17s
  28   2.41225649e+05  2.22528669e+05  1.20e-09 2.44e-04  3.88e-01    17s
  29   2.38101647e+05  2.29371846e+05  6.28e-10 2.44e-04  1.81e-01    17s
  30   2.36082048e+05  2.31780779e+05  1.93e-09 2.44e-04  8.92e-02    18s
  31   2.34286076e+05  2.33147399e+05  4.39e-09 2.44e-04  2.37e-02    19s
  32   2.33921994e+05  2.33426748e+05  8.51e-09 2.44e-04  1.03e-02    19s
  33   2.33778983e+05  2.33568885e+05  3.60e-08 2.44e-04  4.43e-03    20s
  34   2.33689600e+05  2.33676461e+05  3.82e-08 2.44e-04  3.06e-04    20s
  35   2.33684137e+05  2.33683147e+05  1.55e-08 2.44e-04  2.11e-05    21s
  36   2.33683676e+05  2.33683594e+05  1.04e-08 2.44e-04  1.67e-06    22s
  37   2.33683661e+05  2.33683621e+05  5.21e-09 2.44e-04  8.12e-07    22s
  38   2.33683655e+05  2.33683626e+05  9.53e-08 2.44e-04  5.79e-07    23s
  39   2.33683649e+05  2.33683636e+05  1.27e-07 2.44e-04  2.68e-07    23s
  40   2.33683647e+05  2.33683638e+05  5.34e-07 2.44e-04  1.85e-07    24s

Barrier performed 40 iterations in 24.03 seconds
Barrier solve interrupted - model solved by another algorithm


Solved with dual simplex
Solved in 51273 iterations and 24.04 seconds
Optimal objective  2.336836442e+05

Wrote result file 'TotalCCG4.sol'


Gurobi 9.1.1 (mac64, gurobi_cl) logging started Thu Mar 18 17:54:06 2021

Academic license - for non-commercial use only - expires 2021-04-06
Using license file /Users/agnese/gurobi.lic
Set parameter LogFile to value gurobi.log

Gurobi Optimizer version 9.1.1 build v9.1.1rc0 (mac64)
Copyright (c) 2020, Gurobi Optimization, LLC

Read LP format model from file /Users/agnese/Documents/KTH-Work/GitHub_repositories/KTH-dESA/GLUCOSE/results/CCG/gurobi/GLUCOSE_4.FinalTotal_CCG4.lp
Reading time = 0.44 seconds
cost: 56055 rows, 46410 columns, 515196 nonzeros
Thread count: 2 physical cores, 4 logical processors, using up to 4 threads
Optimize a model with 56055 rows, 46410 columns and 515196 nonzeros
Model fingerprint: 0x4e671eb3
Coefficient statistics:
  Matrix range     [2e-08, 6e+03]
  Objective range  [7e-08, 4e+11]
  Bounds range     [0e+00, 0e+00]
  RHS range        [1e-04, 1e+06]
Warning: Model contains large objective coefficients
         Consider reformulating model or setting NumericFocus parameter
         to avoid numerical issues.

Concurrent LP optimizer: dual simplex and barrier
Showing barrier log only...

Presolve removed 14179 rows and 27345 columns
Presolve time: 0.07s

Solved with barrier
Solved in 0 iterations and 0.07 seconds
Infeasible or unbounded model

Unable to retrieve attribute 'X'


Gurobi 9.1.1 (mac64, gurobi_cl) logging started Thu Mar 18 17:54:32 2021

Academic license - for non-commercial use only - expires 2021-04-06
Using license file /Users/agnese/gurobi.lic
Set parameter LogFile to value gurobi.log

Gurobi Optimizer version 9.1.1 build v9.1.1rc0 (mac64)
Copyright (c) 2020, Gurobi Optimization, LLC

Read LP format model from file /Users/agnese/Documents/KTH-Work/GitHub_repositories/KTH-dESA/GLUCOSE/results/CCG/gurobi/GLUCOSE_4.FinalTotal_CCG4.lp
Reading time = 0.43 seconds
cost: 56055 rows, 46410 columns, 515196 nonzeros
Thread count: 2 physical cores, 4 logical processors, using up to 4 threads
Optimize a model with 56055 rows, 46410 columns and 515196 nonzeros
Model fingerprint: 0x4e671eb3
Coefficient statistics:
  Matrix range     [2e-08, 6e+03]
  Objective range  [7e-08, 4e+11]
  Bounds range     [0e+00, 0e+00]
  RHS range        [1e-04, 1e+06]
Warning: Model contains large objective coefficients
         Consider reformulating model or setting NumericFocus parameter
         to avoid numerical issues.

Concurrent LP optimizer: dual simplex and barrier
Showing barrier log only...

Presolve removed 14179 rows and 27345 columns
Presolve time: 0.06s

Solved with barrier
Solved in 0 iterations and 0.06 seconds
Infeasible or unbounded model

IIS computed: 2 constraints and 0 bounds
IIS runtime: 0.01 seconds

Wrote result file 'TotalCCG4.ilp'


Gurobi 9.1.1 (mac64, gurobi_cl) logging started Thu Mar 18 17:57:02 2021

Academic license - for non-commercial use only - expires 2021-04-06
Using license file /Users/agnese/gurobi.lic
Set parameter LogFile to value gurobi.log

Gurobi Optimizer version 9.1.1 build v9.1.1rc0 (mac64)
Copyright (c) 2020, Gurobi Optimization, LLC

Read LP format model from file /Users/agnese/Documents/KTH-Work/GitHub_repositories/KTH-dESA/GLUCOSE/results/CCG/gurobi/GLUCOSE_4.FinalTotal_CCG4.lp
Reading time = 0.44 seconds
cost: 55929 rows, 46410 columns, 511578 nonzeros
Thread count: 2 physical cores, 4 logical processors, using up to 4 threads
Optimize a model with 55929 rows, 46410 columns and 511578 nonzeros
Model fingerprint: 0x93f4c77a
Coefficient statistics:
  Matrix range     [2e-08, 6e+03]
  Objective range  [7e-08, 4e+11]
  Bounds range     [0e+00, 0e+00]
  RHS range        [1e-04, 1e+06]
Warning: Model contains large objective coefficients
         Consider reformulating model or setting NumericFocus parameter
         to avoid numerical issues.

Concurrent LP optimizer: dual simplex and barrier
Showing barrier log only...

Presolve removed 30360 rows and 28419 columns
Presolve time: 0.25s
Presolved: 25569 rows, 18158 columns, 351381 nonzeros

Ordering time: 0.67s

Barrier statistics:
 AA' NZ     : 1.302e+06
 Factor NZ  : 6.555e+06 (roughly 70 MBytes of memory)
 Factor Ops : 4.383e+09 (less than 1 second per iteration)
 Threads    : 1

                  Objective                Residual
Iter       Primal          Dual         Primal    Dual     Compl     Time
   0   5.03775759e+20 -3.22208515e+17  9.31e+08 2.08e+12  3.50e+16     2s
   1   2.71119455e+20 -4.51040987e+17  9.15e+08 1.98e+12  3.41e+16     2s
   2   3.41667543e+20 -7.92410513e+17  7.24e+08 1.79e+12  2.93e+16     3s
   3   1.81079489e+20 -1.47884391e+18  4.28e+08 1.34e+12  2.01e+16     3s
   4   9.20043757e+19 -3.67907247e+18  1.98e+08 2.31e+11  1.05e+16     3s
   5   1.56220530e+19 -3.38039944e+18  3.28e+07 8.78e+09  1.94e+15     4s
   6   1.61856361e+18 -1.95663931e+18  3.42e+06 5.07e+06  2.27e+14     4s
   7   8.46521969e+17 -1.45842862e+18  1.81e+06 2.93e+06  1.25e+14     5s
   8   1.26995539e+17 -8.68469126e+17  2.65e+05 9.71e+05  3.15e+13     5s
   9   4.26579970e+16 -2.27568081e+17  9.29e+04 1.10e+05  8.77e+12     6s
  10   1.11397055e+16 -6.11430294e+16  2.37e+04 2.27e+04  2.35e+12     6s
  11   3.26114301e+15 -8.41229162e+15  6.74e+03 1.59e+03  4.83e+11     7s
  12   8.28647044e+14 -3.99003409e+15  1.67e+03 5.88e+02  1.54e+11     7s
  13   2.79946758e+14 -1.47229229e+15  5.29e+02 1.52e+02  5.13e+10     8s
  14   4.49716731e+13 -3.46734581e+14  5.88e+01 2.05e+01  9.44e+09     9s
  15   1.14793779e+13 -1.15775977e+14  3.89e+00 5.10e+00  2.86e+09     9s
  16   7.12316715e+11 -1.16249097e+13  1.99e-01 2.07e-01  2.61e+08    10s
  17   7.32655000e+10 -3.50367655e+11  1.31e-02 2.69e-03  8.85e+06    10s
  18   3.72831491e+09 -4.41582138e+10  3.18e-04 7.32e-04  9.92e+05    11s
  19   4.50252328e+08 -3.02923598e+09  8.04e-09 2.44e-04  7.21e+04    12s
  20   6.35881856e+07 -2.29708830e+08  4.93e-09 2.44e-04  6.07e+03    12s
  21   3.92345307e+06 -1.02176652e+07  1.84e-09 2.44e-04  2.93e+02    13s
  22   5.12833854e+05 -4.53444715e+05  2.82e-09 2.44e-04  2.00e+01    14s
  23   3.33506472e+05  1.30489533e+04  1.90e-09 2.44e-04  6.64e+00    14s
  24   2.67465980e+05  2.08057741e+05  1.88e-09 4.88e-04  1.23e+00    15s
  25   2.45944543e+05  2.26884435e+05  1.24e-09 2.44e-04  3.95e-01    16s
  26   2.39067523e+05  2.31088183e+05  1.19e-09 2.44e-04  1.65e-01    16s
  27   2.35134151e+05  2.32807613e+05  3.33e-09 2.44e-04  4.82e-02    17s
  28   2.33891333e+05  2.33640644e+05  4.26e-09 2.44e-04  5.29e-03    17s
  29   2.33851616e+05  2.33700955e+05  5.43e-09 2.44e-04  3.25e-03    18s
  30   2.33818672e+05  2.33744189e+05  2.19e-09 2.44e-04  1.67e-03    19s
  31   2.33792175e+05  2.33786500e+05  1.21e-08 2.44e-04  2.12e-04    19s
  32   2.33786513e+05  2.33784931e+05  1.41e-08 2.44e-04  2.11e-05    20s
  33   2.33786022e+05  2.33785795e+05  7.32e-09 2.44e-04  3.81e-06    21s
  34   2.33785907e+05  2.33785891e+05  4.31e-10 1.22e-04  2.28e-07    21s
  35   2.33785903e+05  2.33785899e+05  1.24e-06 2.44e-04  6.11e-08    22s
  36   2.33785902e+05  2.33785901e+05  1.68e-07 2.44e-04  1.03e-08    22s
  37   2.33785901e+05  2.33785901e+05  2.61e-07 2.44e-04  2.36e-09    23s

Barrier solved model in 37 iterations and 22.87 seconds
Optimal objective 2.33785901e+05

Crossover log...

    7373 DPushes remaining with DInf 0.0000000e+00                23s
       0 DPushes remaining with DInf 0.0000000e+00                23s

    4070 PPushes remaining with PInf 1.4767212e-04                23s
       0 PPushes remaining with PInf 0.0000000e+00                24s

  Push phase complete: Pinf 0.0000000e+00, Dinf 1.9579243e-01     24s

Iteration    Objective       Primal Inf.    Dual Inf.      Time
    8571    2.3378590e+05   0.000000e+00   1.957924e-01     24s
Extra simplex iterations after uncrush: 7
    8829    2.3378590e+05   0.000000e+00   0.000000e+00     24s

Solved with barrier
Solved in 8829 iterations and 23.88 seconds
Optimal objective  2.337859013e+05

Wrote result file 'TotalCCG4.sol'


Gurobi 9.1.1 (mac64, gurobi_cl) logging started Thu Mar 18 19:04:25 2021

Academic license - for non-commercial use only - expires 2021-04-06
Using license file /Users/agnese/gurobi.lic
Set parameter LogFile to value gurobi.log

Gurobi Optimizer version 9.1.1 build v9.1.1rc0 (mac64)
Copyright (c) 2020, Gurobi Optimization, LLC

Read LP format model from file /Users/agnese/Documents/KTH-Work/GitHub_repositories/KTH-dESA/GLUCOSE/results/CCG/gurobi/GLUCOSE_4.FinalTotal_CCG4.lp
Reading time = 0.45 seconds
cost: 55929 rows, 46410 columns, 511578 nonzeros
Thread count: 2 physical cores, 4 logical processors, using up to 4 threads
Optimize a model with 55929 rows, 46410 columns and 511578 nonzeros
Model fingerprint: 0x31cd3a37
Coefficient statistics:
  Matrix range     [2e-08, 6e+03]
  Objective range  [7e-08, 4e+11]
  Bounds range     [0e+00, 0e+00]
  RHS range        [1e-04, 1e+06]
Warning: Model contains large objective coefficients
         Consider reformulating model or setting NumericFocus parameter
         to avoid numerical issues.

Concurrent LP optimizer: dual simplex and barrier
Showing barrier log only...

Presolve removed 30091 rows and 28419 columns
Presolve time: 0.27s
Presolved: 25838 rows, 18158 columns, 353660 nonzeros

Ordering time: 0.67s

Barrier statistics:
 AA' NZ     : 1.315e+06
 Factor NZ  : 6.654e+06 (roughly 70 MBytes of memory)
 Factor Ops : 4.544e+09 (less than 1 second per iteration)
 Threads    : 1

                  Objective                Residual
Iter       Primal          Dual         Primal    Dual     Compl     Time
   0   5.03775560e+20 -3.22206921e+17  9.31e+08 2.08e+12  3.48e+16     2s
   1   2.71045177e+20 -4.50558724e+17  9.15e+08 1.98e+12  3.39e+16     2s
   2   3.41750308e+20 -7.91147772e+17  7.24e+08 1.79e+12  2.90e+16     3s
   3   2.00406164e+20 -1.47428890e+18  4.21e+08 1.34e+12  1.98e+16     3s
   4   1.14886741e+20 -3.30193281e+18  1.87e+08 3.81e+11  1.07e+16     4s
   5   2.55853925e+19 -3.35381078e+18  4.07e+07 1.42e-03  2.63e+15     4s
   6   3.08559155e+18 -2.15728463e+18  4.91e+06 2.08e-03  3.44e+14     4s
   7   1.19586572e+18 -1.42358224e+18  1.90e+06 8.14e-04  1.41e+14     5s
   8   2.52022855e+17 -8.62775501e+17  3.94e+05 6.48e-04  4.03e+13     5s
   9   2.91317479e+16 -1.83826032e+17  4.34e+04 1.44e-03  6.23e+12     6s
  10   7.07732041e+15 -3.60219778e+16  1.01e+04 1.85e-03  1.34e+12     6s
  11   9.56399373e+14 -8.24209312e+15  1.25e+03 2.78e-03  2.45e+11     7s
  12   2.61605324e+14 -1.84232425e+15  3.10e+02 2.21e-02  5.51e+10     7s
  13   4.35370617e+13 -3.02353176e+14  2.76e+01 1.39e-02  8.19e+09     8s
  14   7.28966628e+12 -5.75333336e+13  1.25e+00 5.17e-03  1.41e+09     9s
  15   1.42665255e+12 -6.04784825e+12  2.27e-01 5.15e-03  1.59e+08     9s
  16   1.10379634e+11 -3.97161126e+11  1.24e-02 2.06e-03  1.05e+07    10s
  17   7.51528906e+09 -2.31483199e+10  6.49e-04 3.65e-04  6.32e+05    10s
  18   4.29392564e+08 -1.55560854e+09  2.19e-09 2.44e-04  4.09e+04    11s
  19   6.51613763e+07 -2.83802067e+08  1.66e-09 3.66e-04  7.19e+03    11s
  20   4.26482880e+06 -1.48284890e+07  1.80e-09 2.44e-04  3.93e+02    12s
  21   5.64120221e+05 -8.28621584e+05  1.34e-09 4.88e-04  2.87e+01    13s
  22   3.66006047e+05 -1.42874636e+05  9.77e-10 2.44e-04  1.05e+01    13s
  23   2.68191477e+05  2.02804592e+05  2.45e-09 2.44e-04  1.35e+00    14s
  24   2.50851933e+05  2.19061826e+05  1.70e-09 2.44e-04  6.55e-01    14s
  25   2.41337106e+05  2.28902574e+05  1.66e-09 2.44e-04  2.56e-01    15s
  26   2.36228257e+05  2.31382373e+05  2.20e-09 2.44e-04  9.98e-02    15s
  27   2.34910031e+05  2.32369179e+05  5.45e-09 2.44e-04  5.24e-02    15s
  28   2.33597525e+05  2.33238980e+05  3.70e-09 2.44e-04  7.49e-03    16s
  29   2.33494695e+05  2.33326762e+05  6.59e-09 2.44e-04  3.60e-03    16s
  30   2.33457601e+05  2.33398877e+05  9.06e-09 2.44e-04  1.35e-03    17s
  31   2.33436714e+05  2.33435110e+05  2.15e-09 4.88e-04  1.11e-04    18s

Barrier performed 31 iterations in 17.78 seconds
Barrier solve interrupted - model solved by another algorithm


Solved with dual simplex
Solved in 49163 iterations and 17.79 seconds
Optimal objective  2.334339432e+05

Wrote result file 'TotalCCG4.sol'


Gurobi 9.1.1 (mac64, gurobi_cl) logging started Thu Mar 18 19:13:58 2021

Academic license - for non-commercial use only - expires 2021-04-06
Using license file /Users/agnese/gurobi.lic
Set parameter LogFile to value gurobi.log

Gurobi Optimizer version 9.1.1 build v9.1.1rc0 (mac64)
Copyright (c) 2020, Gurobi Optimization, LLC

Read LP format model from file /Users/agnese/Documents/KTH-Work/GitHub_repositories/KTH-dESA/GLUCOSE/results/CCG/gurobi/GLUCOSE_4.FinalTotal_CCG.lp
Reading time = 0.51 seconds
cost: 55929 rows, 46410 columns, 511578 nonzeros
Thread count: 2 physical cores, 4 logical processors, using up to 4 threads
Optimize a model with 55929 rows, 46410 columns and 511578 nonzeros
Model fingerprint: 0x31cd3a37
Coefficient statistics:
  Matrix range     [2e-08, 6e+03]
  Objective range  [7e-08, 4e+11]
  Bounds range     [0e+00, 0e+00]
  RHS range        [1e-04, 1e+06]
Warning: Model contains large objective coefficients
         Consider reformulating model or setting NumericFocus parameter
         to avoid numerical issues.

Concurrent LP optimizer: dual simplex and barrier
Showing barrier log only...

Presolve removed 30091 rows and 28419 columns
Presolve time: 0.33s
Presolved: 25838 rows, 18158 columns, 353660 nonzeros

Ordering time: 0.95s

Barrier statistics:
 AA' NZ     : 1.315e+06
 Factor NZ  : 6.654e+06 (roughly 70 MBytes of memory)
 Factor Ops : 4.544e+09 (less than 1 second per iteration)
 Threads    : 1

                  Objective                Residual
Iter       Primal          Dual         Primal    Dual     Compl     Time
   0   5.03775560e+20 -3.22206921e+17  9.31e+08 2.08e+12  3.48e+16     2s
   1   2.71045177e+20 -4.50558724e+17  9.15e+08 1.98e+12  3.39e+16     3s
   2   3.41750308e+20 -7.91147772e+17  7.24e+08 1.79e+12  2.90e+16     3s
   3   2.00406164e+20 -1.47428890e+18  4.21e+08 1.34e+12  1.98e+16     4s
   4   1.14886741e+20 -3.30193281e+18  1.87e+08 3.81e+11  1.07e+16     4s
   5   2.55853925e+19 -3.35381078e+18  4.07e+07 1.42e-03  2.63e+15     5s
   6   3.08559155e+18 -2.15728463e+18  4.91e+06 2.08e-03  3.44e+14     5s
   7   1.19586572e+18 -1.42358224e+18  1.90e+06 8.14e-04  1.41e+14     6s
   8   2.52022855e+17 -8.62775501e+17  3.94e+05 6.48e-04  4.03e+13     6s
   9   2.91317479e+16 -1.83826032e+17  4.34e+04 1.44e-03  6.23e+12     7s
  10   7.07732041e+15 -3.60219778e+16  1.01e+04 1.85e-03  1.34e+12     8s
  11   9.56399373e+14 -8.24209312e+15  1.25e+03 2.78e-03  2.45e+11     8s
  12   2.61605324e+14 -1.84232425e+15  3.10e+02 2.21e-02  5.51e+10     9s
  13   4.35370617e+13 -3.02353176e+14  2.76e+01 1.39e-02  8.19e+09    10s
  14   7.28966628e+12 -5.75333336e+13  1.25e+00 5.17e-03  1.41e+09    10s
  15   1.42665255e+12 -6.04784825e+12  2.27e-01 5.15e-03  1.59e+08    11s
  16   1.10379634e+11 -3.97161126e+11  1.24e-02 2.06e-03  1.05e+07    11s
  17   7.51528906e+09 -2.31483199e+10  6.49e-04 3.65e-04  6.32e+05    12s
  18   4.29392564e+08 -1.55560854e+09  2.19e-09 2.44e-04  4.09e+04    13s
  19   6.51613763e+07 -2.83802067e+08  1.66e-09 3.66e-04  7.19e+03    13s
  20   4.26482880e+06 -1.48284890e+07  1.80e-09 2.44e-04  3.93e+02    14s
  21   5.64120221e+05 -8.28621584e+05  1.34e-09 4.88e-04  2.87e+01    15s
  22   3.66006047e+05 -1.42874636e+05  9.77e-10 2.44e-04  1.05e+01    15s
  23   2.68191477e+05  2.02804592e+05  2.45e-09 2.44e-04  1.35e+00    16s
  24   2.50851933e+05  2.19061826e+05  1.70e-09 2.44e-04  6.55e-01    16s
  25   2.41337106e+05  2.28902574e+05  1.66e-09 2.44e-04  2.56e-01    17s
  26   2.36228257e+05  2.31382373e+05  2.20e-09 2.44e-04  9.98e-02    17s
  27   2.34910031e+05  2.32369179e+05  5.45e-09 2.44e-04  5.24e-02    18s
  28   2.33597525e+05  2.33238980e+05  3.70e-09 2.44e-04  7.49e-03    18s
  29   2.33494695e+05  2.33326762e+05  6.59e-09 2.44e-04  3.60e-03    19s
  30   2.33457601e+05  2.33398877e+05  9.06e-09 2.44e-04  1.35e-03    19s
  31   2.33436714e+05  2.33435110e+05  2.15e-09 4.88e-04  1.11e-04    20s

Barrier performed 31 iterations in 20.40 seconds
Barrier solve interrupted - model solved by another algorithm


Solved with dual simplex
Solved in 49163 iterations and 20.41 seconds
Optimal objective  2.334339432e+05

Wrote result file 'TotalCCG.sol'


Gurobi 9.1.1 (mac64, gurobi_cl) logging started Thu Mar 18 19:47:22 2021

Academic license - for non-commercial use only - expires 2021-04-06
Using license file /Users/agnese/gurobi.lic
Set parameter LogFile to value gurobi.log

Gurobi Optimizer version 9.1.1 build v9.1.1rc0 (mac64)
Copyright (c) 2020, Gurobi Optimization, LLC

Read LP format model from file /Users/agnese/Documents/KTH-Work/GitHub_repositories/KTH-dESA/GLUCOSE/results/CCG/gurobi/GLUCOSE_4.FinalTotal_CCG2.lp
Reading time = 0.43 seconds
cost: 55929 rows, 46410 columns, 511578 nonzeros
Thread count: 2 physical cores, 4 logical processors, using up to 4 threads
Optimize a model with 55929 rows, 46410 columns and 511578 nonzeros
Model fingerprint: 0x670fcd98
Coefficient statistics:
  Matrix range     [2e-08, 6e+03]
  Objective range  [7e-08, 4e+11]
  Bounds range     [0e+00, 0e+00]
  RHS range        [1e-04, 1e+06]
Warning: Model contains large objective coefficients
         Consider reformulating model or setting NumericFocus parameter
         to avoid numerical issues.

Concurrent LP optimizer: dual simplex and barrier
Showing barrier log only...

Presolve removed 30091 rows and 28419 columns
Presolve time: 0.25s
Presolved: 25838 rows, 18158 columns, 353660 nonzeros

Ordering time: 0.64s

Barrier statistics:
 AA' NZ     : 1.315e+06
 Factor NZ  : 6.654e+06 (roughly 70 MBytes of memory)
 Factor Ops : 4.544e+09 (less than 1 second per iteration)
 Threads    : 1

                  Objective                Residual
Iter       Primal          Dual         Primal    Dual     Compl     Time
   0   5.03775501e+20 -3.22206921e+17  9.31e+08 2.08e+12  3.48e+16     2s
   1   2.71045146e+20 -4.50557722e+17  9.15e+08 1.98e+12  3.39e+16     2s
   2   3.41750269e+20 -7.91144447e+17  7.24e+08 1.79e+12  2.90e+16     2s
   3   2.00406146e+20 -1.47427871e+18  4.21e+08 1.34e+12  1.98e+16     3s
   4   1.14886728e+20 -3.30189951e+18  1.87e+08 3.81e+11  1.07e+16     3s
   5   2.55853421e+19 -3.35376008e+18  4.07e+07 7.13e-04  2.63e+15     4s
   6   3.08568238e+18 -2.15723239e+18  4.91e+06 1.68e-03  3.44e+14     4s
   7   1.19599134e+18 -1.42352413e+18  1.90e+06 1.41e-03  1.41e+14     5s
   8   2.52034753e+17 -8.88171506e+17  3.96e+05 1.08e-03  4.12e+13     5s
   9   4.38311990e+16 -2.26075218e+17  6.73e+04 1.15e-03  8.29e+12     6s
  10   1.32486701e+16 -5.49164166e+16  1.96e+04 1.58e-03  2.16e+12     6s
  11   4.93244498e+15 -1.30084919e+16  7.14e+03 2.75e-03  6.41e+11     6s
  12   8.76322567e+14 -5.83026449e+15  1.20e+03 2.99e-03  1.82e+11     7s
  13   1.80500280e+14 -1.10625141e+15  2.04e+02 9.87e-03  3.30e+10     8s
  14   3.45612564e+13 -3.24654105e+14  1.05e+01 4.99e-03  8.09e+09     8s
  15   1.04626003e+13 -9.89809452e+13  2.15e+00 2.23e-03  2.38e+09     9s
  16   9.06401818e+11 -9.47674249e+12  1.09e-01 5.05e-03  2.17e+08     9s
  17   9.41085597e+10 -6.95692737e+11  7.82e-03 7.52e-04  1.63e+07    10s

Barrier performed 17 iterations in 9.67 seconds
Barrier solve interrupted - model solved by another algorithm


Solved with dual simplex
Solved in 26897 iterations and 9.68 seconds
Optimal objective  2.334344094e+05

Wrote result file 'TotalCCG2.sol'


Gurobi 9.1.1 (mac64, gurobi_cl) logging started Thu Mar 18 19:55:26 2021

Academic license - for non-commercial use only - expires 2021-04-06
Using license file /Users/agnese/gurobi.lic
Set parameter LogFile to value gurobi.log

Gurobi Optimizer version 9.1.1 build v9.1.1rc0 (mac64)
Copyright (c) 2020, Gurobi Optimization, LLC

Read LP format model from file /Users/agnese/Documents/KTH-Work/GitHub_repositories/KTH-dESA/GLUCOSE/results/CCG/gurobi/GLUCOSE_4.FinalTotal_CCG2.lp
Reading time = 0.48 seconds
cost: 55929 rows, 46410 columns, 511578 nonzeros
Thread count: 2 physical cores, 4 logical processors, using up to 4 threads
Optimize a model with 55929 rows, 46410 columns and 511578 nonzeros
Model fingerprint: 0xbf657014
Coefficient statistics:
  Matrix range     [2e-08, 6e+03]
  Objective range  [7e-08, 4e+11]
  Bounds range     [0e+00, 0e+00]
  RHS range        [1e-04, 1e+06]
Warning: Model contains large objective coefficients
         Consider reformulating model or setting NumericFocus parameter
         to avoid numerical issues.

Concurrent LP optimizer: dual simplex and barrier
Showing barrier log only...

Presolve removed 30091 rows and 28419 columns
Presolve time: 0.27s
Presolved: 25838 rows, 18158 columns, 353660 nonzeros

Ordering time: 0.71s

Barrier statistics:
 AA' NZ     : 1.315e+06
 Factor NZ  : 6.654e+06 (roughly 70 MBytes of memory)
 Factor Ops : 4.544e+09 (less than 1 second per iteration)
 Threads    : 1

                  Objective                Residual
Iter       Primal          Dual         Primal    Dual     Compl     Time
   0   5.03775457e+20 -3.22206921e+17  9.31e+08 2.08e+12  3.48e+16     2s
   1   2.71045122e+20 -4.50556736e+17  9.15e+08 1.98e+12  3.39e+16     2s
   2   3.41750239e+20 -7.91140936e+17  7.24e+08 1.79e+12  2.90e+16     3s
   3   2.00406136e+20 -1.47426683e+18  4.21e+08 1.34e+12  1.98e+16     3s
   4   1.14886719e+20 -3.30186114e+18  1.87e+08 3.81e+11  1.07e+16     4s
   5   2.55853073e+19 -3.35370429e+18  4.07e+07 1.11e-03  2.63e+15     4s
   6   3.08574910e+18 -2.15717498e+18  4.91e+06 7.36e-03  3.44e+14     5s
   7   1.19608604e+18 -1.42346049e+18  1.91e+06 2.84e-03  1.41e+14     5s
   8   2.54393773e+17 -8.74080042e+17  4.00e+05 1.46e-03  4.09e+13     6s
   9   2.90429419e+16 -2.20236310e+17  4.35e+04 1.16e-03  6.99e+12     6s
  10   1.12659229e+16 -6.24811431e+16  1.63e+04 7.85e-04  2.17e+12     7s
  11   5.01507831e+15 -1.67923251e+16  6.96e+03 1.67e-03  7.39e+11     7s
  12   9.27175522e+14 -7.26864536e+15  1.25e+03 1.36e-02  2.19e+11     8s
  13   2.78174270e+14 -1.84700579e+15  3.38e+02 8.06e-03  5.62e+10     9s
  14   7.67938116e+13 -5.67358251e+14  4.57e+01 6.61e-03  1.54e+10     9s
  15   2.62919644e+13 -2.30476285e+14  5.64e+00 7.10e-03  5.76e+09    10s
  16   1.01304398e+12 -1.96486767e+13  1.63e-01 1.81e-03  4.32e+08    10s
  17   1.66082837e+11 -1.28957686e+12  1.96e-02 1.33e-03  3.01e+07    11s
  18   1.39726274e+10 -5.69643696e+10  4.41e-04 4.88e-04  1.46e+06    12s
  19   6.37014497e+08 -4.14529647e+09  5.44e-06 4.88e-04  9.85e+04    12s
  20   8.33693894e+07 -3.06955785e+08  2.83e-09 4.88e-04  8.04e+03    13s
  21   5.82067513e+06 -2.10108110e+07  1.93e-09 2.44e-04  5.53e+02    14s
  22   7.67011539e+05 -1.42374360e+06  9.35e-10 2.44e-04  4.51e+01    14s
  23   3.37255579e+05  5.54999631e+04  1.71e-09 2.44e-04  5.80e+00    15s
  24   2.92731321e+05  1.43172301e+05  8.22e-10 4.88e-04  3.08e+00    15s
  25   2.48167441e+05  2.22502181e+05  1.90e-09 2.44e-04  5.29e-01    16s
  26   2.38015621e+05  2.31631995e+05  1.94e-09 2.44e-04  1.31e-01    17s
  27   2.34733920e+05  2.33745407e+05  2.90e-09 7.32e-04  2.04e-02    18s
  28   2.34384038e+05  2.33911595e+05  9.78e-09 2.44e-04  9.85e-03    18s
  29   2.34219070e+05  2.34003046e+05  2.96e-08 2.44e-04  4.58e-03    19s
  30   2.34098126e+05  2.34081151e+05  6.16e-08 2.44e-04  4.83e-04    19s
  31   2.34088179e+05  2.34089451e+05  2.64e-08 2.44e-04  7.53e-05    20s
  32   2.34086026e+05  2.34088168e+05  4.51e-08 2.44e-04  3.01e-05    21s
  33   2.34084654e+05  2.34083905e+05  9.03e-09 2.44e-04  1.29e-05    22s
  34   2.34084462e+05  2.34083927e+05  3.15e-09 2.44e-04  6.88e-06    23s
  35   2.34084380e+05  2.34084262e+05  2.18e-06 2.44e-04  5.01e-06    23s
  36   2.34084312e+05  2.34084328e+05  4.55e-06 2.44e-04  3.83e-06    24s
  37   2.34084305e+05  2.34084330e+05  4.40e-06 2.44e-04  3.70e-06    24s
  38   2.34084257e+05  2.34084337e+05  5.66e-06 2.44e-04  2.90e-06    25s
  39   2.34084100e+05  2.34084161e+05  5.46e-06 2.44e-04  1.04e-07    26s
  40   2.34084098e+05  2.34084132e+05  9.73e-06 2.44e-04  5.17e-08    26s
  41   2.34084097e+05  2.34084105e+05  2.13e-06 1.22e-04  1.13e-08    27s
  42   2.34084097e+05  2.34084098e+05  1.25e-06 2.44e-04  3.24e-09    27s

Barrier solved model in 42 iterations and 27.35 seconds
Optimal objective 2.34084097e+05

Crossover log...

    7281 DPushes remaining with DInf 0.0000000e+00                27s
       0 DPushes remaining with DInf 0.0000000e+00                28s

    4228 PPushes remaining with PInf 2.3369315e-04                28s
       0 PPushes remaining with PInf 0.0000000e+00                28s

  Push phase complete: Pinf 0.0000000e+00, Dinf 3.5019616e+00     28s

Iteration    Objective       Primal Inf.    Dual Inf.      Time
    8765    2.3408410e+05   0.000000e+00   3.501962e+00     28s
Extra simplex iterations after uncrush: 12
    9007    2.3408410e+05   0.000000e+00   0.000000e+00     28s

Solved with barrier
Solved in 9007 iterations and 28.48 seconds
Optimal objective  2.340840968e+05

Wrote result file 'TotalCCG2.sol'


Gurobi 9.1.1 (mac64, gurobi_cl) logging started Thu Mar 18 22:04:36 2021

Academic license - for non-commercial use only - expires 2021-04-06
Using license file /Users/agnese/gurobi.lic
Set parameter LogFile to value gurobi.log

Gurobi Optimizer version 9.1.1 build v9.1.1rc0 (mac64)
Copyright (c) 2020, Gurobi Optimization, LLC

Read LP format model from file /Users/agnese/Documents/KTH-Work/GitHub_repositories/KTH-dESA/GLUCOSE/results/CCG/gurobi/GLUCOSE_4.FinalTotal_CCG2.lp
Reading time = 0.42 seconds
cost: 55929 rows, 46410 columns, 511578 nonzeros
Thread count: 2 physical cores, 4 logical processors, using up to 4 threads
Optimize a model with 55929 rows, 46410 columns and 511578 nonzeros
Model fingerprint: 0x5fc422d0
Coefficient statistics:
  Matrix range     [2e-08, 6e+03]
  Objective range  [7e-08, 4e+11]
  Bounds range     [0e+00, 0e+00]
  RHS range        [1e-04, 1e+06]
Warning: Model contains large objective coefficients
         Consider reformulating model or setting NumericFocus parameter
         to avoid numerical issues.

Concurrent LP optimizer: dual simplex and barrier
Showing barrier log only...

Presolve removed 30201 rows and 28419 columns
Presolve time: 0.27s
Presolved: 25728 rows, 18158 columns, 352676 nonzeros

Ordering time: 0.68s

Barrier statistics:
 AA' NZ     : 1.309e+06
 Factor NZ  : 6.899e+06 (roughly 70 MBytes of memory)
 Factor Ops : 4.850e+09 (less than 1 second per iteration)
 Threads    : 1

                  Objective                Residual
Iter       Primal          Dual         Primal    Dual     Compl     Time
   0   5.03775760e+20 -3.22207009e+17  9.31e+08 2.08e+12  3.49e+16     2s
   1   2.71076074e+20 -4.50872072e+17  9.15e+08 1.98e+12  3.40e+16     2s
   2   3.41713397e+20 -7.92045135e+17  7.24e+08 1.79e+12  2.91e+16     3s
   3   2.02429149e+20 -1.47755066e+18  4.25e+08 1.34e+12  2.00e+16     3s
   4   1.02676372e+20 -3.20493113e+18  2.11e+08 4.52e+11  1.11e+16     4s
   5   3.14159092e+19 -3.55403448e+18  6.49e+07 5.60e+10  3.69e+15     4s
   6   3.24845630e+18 -2.84213371e+18  6.64e+06 1.84e-03  4.27e+14     5s
   7   9.87055885e+17 -1.65145155e+18  2.04e+06 1.65e-03  1.41e+14     5s
   8   6.81343770e+17 -1.41888327e+18  1.47e+06 1.59e-03  1.05e+14     6s
   9   1.35058809e+17 -7.96578717e+17  2.70e+05 1.73e-03  2.96e+13     6s
  10   2.86248194e+16 -1.96133782e+17  5.59e+04 4.46e-03  6.64e+12     7s
  11   1.02021902e+16 -4.98726478e+16  1.92e+04 3.27e-03  1.93e+12     7s
  12   3.78850654e+15 -1.41442993e+16  6.93e+03 3.49e-03  6.22e+11     8s
  13   7.85421396e+14 -6.76702379e+15  1.38e+03 5.61e-03  2.05e+11     8s
  14   1.68892076e+14 -1.41181672e+15  2.52e+02 6.84e-03  4.08e+10     9s
  15   4.68178150e+13 -4.41162715e+14  2.72e+01 7.09e-03  1.16e+10    10s
  16   1.66693819e+13 -1.79236430e+14  5.47e+00 9.01e-03  4.44e+09    10s
  17   1.26476654e+12 -1.89867439e+13  3.42e-01 1.29e-03  4.30e+08    11s
  18   1.24881121e+11 -9.32017707e+11  2.08e-02 6.69e-04  2.20e+07    12s
  19   1.42711980e+10 -5.52438151e+10  1.35e-03 2.44e-04  1.44e+06    12s
  20   6.09037876e+08 -3.71759006e+09  1.78e-05 2.44e-04  8.93e+04    13s
  21   7.50431995e+07 -2.93504460e+08  2.45e-09 4.88e-04  7.61e+03    14s
  22   5.61185241e+06 -1.63387924e+07  1.53e-09 4.88e-04  4.53e+02    14s
  23   6.48824411e+05 -8.98785431e+05  2.50e-09 2.44e-04  3.19e+01    15s
  24   3.33005548e+05  7.34254882e+04  2.27e-09 4.88e-04  5.36e+00    16s
  25   2.99461665e+05  1.36162064e+05  1.08e-09 2.44e-04  3.37e+00    16s
  26   2.60469719e+05  2.14588527e+05  1.57e-09 4.88e-04  9.47e-01    17s
  27   2.41921048e+05  2.29981913e+05  1.50e-09 4.88e-04  2.46e-01    18s
  28   2.35786202e+05  2.34134325e+05  1.33e-09 2.44e-04  3.41e-02    18s
  29   2.35106090e+05  2.34645800e+05  6.50e-09 2.44e-04  9.58e-03    19s
  30   2.34908189e+05  2.34831981e+05  5.07e-08 4.88e-04  1.73e-03    20s
  31   2.34878459e+05  2.34874827e+05  3.82e-09 2.44e-04  1.91e-04    21s
  32   2.34874579e+05  2.34874193e+05  3.92e-08 2.44e-04  3.42e-05    21s
  33   2.34873799e+05  2.34873660e+05  6.75e-09 2.44e-04  5.41e-06    22s
  34   2.34873647e+05  2.34873622e+05  3.00e-09 4.88e-04  6.59e-07    23s
  35   2.34873647e+05  2.34873623e+05  2.74e-08 4.88e-04  5.89e-07    23s
  36   2.34873646e+05  2.34873625e+05  2.60e-08 4.88e-04  5.31e-07    24s
  37   2.34873639e+05  2.34873631e+05  4.69e-07 2.44e-04  1.83e-07    24s
  38   2.34873635e+05  2.34873632e+05  4.84e-06 2.44e-04  7.00e-08    25s
  39   2.34873635e+05  2.34873632e+05  4.80e-06 2.44e-04  6.95e-08    26s
  40   2.34873634e+05  2.34873633e+05  2.25e-06 2.44e-04  3.16e-08    26s
  41   2.34873634e+05  2.34873633e+05  9.27e-06 5.96e-08  2.09e-08    27s

Barrier solved model in 41 iterations and 26.67 seconds
Optimal objective 2.34873634e+05

Crossover log...

    7211 DPushes remaining with DInf 0.0000000e+00                27s
       0 DPushes remaining with DInf 0.0000000e+00                27s

    4998 PPushes remaining with PInf 2.9481688e-04                27s
       0 PPushes remaining with PInf 5.9540595e-03                28s

  Push phase complete: Pinf 5.9540595e-03, Dinf 8.5657480e+00     28s

Iteration    Objective       Primal Inf.    Dual Inf.      Time
    9356    2.3487364e+05   0.000000e+00   8.565748e+00     28s
Extra simplex iterations after uncrush: 19
    9669    2.3487363e+05   0.000000e+00   0.000000e+00     28s

Solved with barrier
Solved in 9669 iterations and 28.12 seconds
Optimal objective  2.348736333e+05

Wrote result file 'TotalCCG2.sol'

